Buildfile: /vagrant/appinventor/build.xml

RunLocalBuildServer:

init:

common_CommonUtils:

init:

CommonUtils:

common_CommonVersion:

init:

CommonVersion:

components_CommonConstants:

init:

CommonConstants:

CopyToRunLibDir:

components_AndroidRuntime:

common_CommonVersion:

init:

CommonVersion:

init:

HtmlEntities:

Barcode:

CopyComponentLibraries:

common_CommonUtils:

init:

CommonUtils:

CommonConstants:

AnnotationProcessors:

AndroidRuntime.uptodate:

AndroidRuntime:
    [javac] Compiling 280 source files to /vagrant/appinventor/components/build/classes/AndroidRuntime
    [javac] warning: [options] bootstrap class path not set in conjunction with -source 1.7
    [javac] Note: Wrote file file:/vagrant/appinventor/components/build/classes/AndroidRuntime/simple_components.json
    [javac] Note: Wrote file file:/vagrant/appinventor/components/build/classes/AndroidRuntime/simple_components.txt
    [javac] Note: Wrote file file:/vagrant/appinventor/components/build/classes/AndroidRuntime/simple_components_build_info.json
    [javac] Note: Wrote file file:/vagrant/appinventor/components/build/classes/AndroidRuntime/AutogeneratedOdeMessages.java
    [javac] Note: Wrote file file:/vagrant/appinventor/components/build/classes/AndroidRuntime/ComponentsTranslation.java
    [javac] /vagrant/appinventor/components/src/es/gertec/Gertec.java:3: error: package br does not exist
    [javac] import br.*;
    [javac] ^
    [javac] 1 error

BUILD FAILED
/vagrant/appinventor/build.xml:59: The following error occurred while executing this line:
/vagrant/appinventor/build-common.xml:324: The following error occurred while executing this line:
/vagrant/appinventor/components/build.xml:217: The following error occurred while executing this line:
/vagrant/appinventor/build-common.xml:125: Compile failed; see the compiler error output for details.

Total time: 18 seconds
